Release 14.7 Xflow P.20131013 (nt64)
Copyright (c) 1995-2013 Xilinx, Inc.  All rights reserved.
xflow.exe -wd implementation -p xc6slx9csg324-2 -implement xflow.opt
uart2led.ngc  
PMSPEC -- Overriding Xilinx file
<C:/Xilinx/14.7/ISE_DS/EDK/spartan6/data/spartan6.acd> with local file
<C:/Xilinx/14.7/ISE_DS/ISE/spartan6/data/spartan6.acd>
.... Copying flowfile C:/Xilinx/14.7/ISE_DS/ISE/xilinx/data/fpga.flw into
working directory C:/Users/TRAV/Desktop/FPGA_Tutorials/UARTtoLED/implementation 

Using Flow File:
C:/Users/TRAV/Desktop/FPGA_Tutorials/UARTtoLED/implementation/fpga.flw 
Using Option File(s): 
 C:/Users/TRAV/Desktop/FPGA_Tutorials/UARTtoLED/implementation/xflow.opt 

Creating Script File ... 

#----------------------------------------------#
# Starting program ngdbuild
# ngdbuild -p xc6slx9csg324-2 -nt timestamp -bm uart2led.bmm
"C:/Users/TRAV/Desktop/FPGA_Tutorials/UARTtoLED/implementation/uart2led.ngc" -uc
uart2led.ucf uart2led.ngd 
#----------------------------------------------#
Release 14.7 - ngdbuild P.20131013 (nt64)
Copyright (c) 1995-2013 Xilinx, Inc.  All rights reserved.
PMSPEC -- Overriding Xilinx file
<C:/Xilinx/14.7/ISE_DS/EDK/spartan6/data/spartan6.acd> with local file
<C:/Xilinx/14.7/ISE_DS/ISE/spartan6/data/spartan6.acd>

Command Line: C:\Xilinx\14.7\ISE_DS\ISE\bin\nt64\unwrapped\ngdbuild.exe -p
xc6slx9csg324-2 -nt timestamp -bm uart2led.bmm
C:/Users/TRAV/Desktop/FPGA_Tutorials/UARTtoLED/implementation/uart2led.ngc -uc
uart2led.ucf uart2led.ngd

Reading NGO file
"C:/Users/TRAV/Desktop/FPGA_Tutorials/UARTtoLED/implementation/uart2led.ngc" ...
Loading design module
"C:/Users/TRAV/Desktop/FPGA_Tutorials/UARTtoLED/implementation/uart2led_uart_wra
pper.ngc"...
Loading design module
"C:/Users/TRAV/Desktop/FPGA_Tutorials/UARTtoLED/implementation/uart2led_proc_sys
_reset_0_wrapper.ngc"...
Loading design module
"C:/Users/TRAV/Desktop/FPGA_Tutorials/UARTtoLED/implementation/uart2led_clock_ge
nerator_0_wrapper.ngc"...
Loading design module
"C:/Users/TRAV/Desktop/FPGA_Tutorials/UARTtoLED/implementation/uart2led_microbla
ze_0_intc_wrapper.ngc"...
Loading design module
"C:/Users/TRAV/Desktop/FPGA_Tutorials/UARTtoLED/implementation/uart2led_microbla
ze_0_ilmb_wrapper.ngc"...
Loading design module
"C:/Users/TRAV/Desktop/FPGA_Tutorials/UARTtoLED/implementation/uart2led_microbla
ze_0_dlmb_wrapper.ngc"...
Loading design module
"C:/Users/TRAV/Desktop/FPGA_Tutorials/UARTtoLED/implementation/uart2led_lpddr_wr
apper.ngc"...
Loading design module
"C:/Users/TRAV/Desktop/FPGA_Tutorials/UARTtoLED/implementation/uart2led_axi4lite
_0_wrapper.ngc"...
Loading design module
"C:/Users/TRAV/Desktop/FPGA_Tutorials/UARTtoLED/implementation/uart2led_axi4_0_w
rapper.ngc"...
Loading design module
"C:/Users/TRAV/Desktop/FPGA_Tutorials/UARTtoLED/implementation/uart2led_microbla
ze_0_wrapper.ngc"...
Loading design module
"C:/Users/TRAV/Desktop/FPGA_Tutorials/UARTtoLED/implementation/uart2led_microbla
ze_0_i_bram_ctrl_wrapper.ngc"...
Loading design module
"C:/Users/TRAV/Desktop/FPGA_Tutorials/UARTtoLED/implementation/uart2led_microbla
ze_0_d_bram_ctrl_wrapper.ngc"...
Loading design module
"C:/Users/TRAV/Desktop/FPGA_Tutorials/UARTtoLED/implementation/uart2led_debug_mo
dule_wrapper.ngc"...
Loading design module
"C:/Users/TRAV/Desktop/FPGA_Tutorials/UARTtoLED/implementation/uart2led_leds_wra
pper.ngc"...
Loading design module
"C:/Users/TRAV/Desktop/FPGA_Tutorials/UARTtoLED/implementation/uart2led_microbla
ze_0_bram_block_wrapper.ngc"...
Applying constraints in
"C:/Users/TRAV/Desktop/FPGA_Tutorials/UARTtoLED/implementation/uart2led_microbla
ze_0_intc_wrapper.ncf" to module "microblaze_0_intc"...
Checking Constraint Associations...
Applying constraints in
"C:/Users/TRAV/Desktop/FPGA_Tutorials/UARTtoLED/implementation/uart2led_microbla
ze_0_ilmb_wrapper.ncf" to module "microblaze_0_ilmb"...
Checking Constraint Associations...
Applying constraints in
"C:/Users/TRAV/Desktop/FPGA_Tutorials/UARTtoLED/implementation/uart2led_microbla
ze_0_dlmb_wrapper.ncf" to module "microblaze_0_dlmb"...
Checking Constraint Associations...
Applying constraints in
"C:/Users/TRAV/Desktop/FPGA_Tutorials/UARTtoLED/implementation/uart2led_lpddr_wr
apper.ncf" to module "LPDDR"...
Checking Constraint Associations...
Applying constraints in
"C:/Users/TRAV/Desktop/FPGA_Tutorials/UARTtoLED/implementation/uart2led_axi4lite
_0_wrapper.ncf" to module "axi4lite_0"...
Checking Constraint Associations...
Applying constraints in
"C:/Users/TRAV/Desktop/FPGA_Tutorials/UARTtoLED/implementation/uart2led_axi4_0_w
rapper.ncf" to module "axi4_0"...
Checking Constraint Associations...
Applying constraints in
"C:/Users/TRAV/Desktop/FPGA_Tutorials/UARTtoLED/implementation/uart2led_microbla
ze_0_wrapper.ncf" to module "microblaze_0"...
Checking Constraint Associations...
Gathering constraint information from source properties...
Done.

Annotating constraints to design from ucf file "uart2led.ucf" ...
Resolving constraint associations...
Checking Constraint Associations...
WARNING:ConstraintSystem:135 - Constraint <INST
   /uart2led/EXPANDED/uart2led/axi4_0/axi4_0\/si_converter_bank\/gen_conv_slot[0
   ].clock_conv_inst\/interconnect_aresetn_resync<2>_inv1_INV_0 TNM =
   FFS:axi4_0_reset_resync>: No instances of type FFS were found under block
   "axi4_0/axi4_0/si_converter_bank/gen_conv_slot[0].clock_conv_inst/interconnec
   t_aresetn_resync<2>_inv1_INV_0" (type=INV).

WARNING:ConstraintSystem:135 - Constraint <INST
   /uart2led/EXPANDED/uart2led/axi4lite_0/axi4lite_0\/si_converter_bank\/gen_con
   v_slot[0].clock_conv_inst\/interconnect_aresetn_resync<2>_inv1_INV_0 TNM =
   FFS:axi4lite_0_reset_resync>: No instances of type FFS were found under block
   "axi4lite_0/axi4lite_0/si_converter_bank/gen_conv_slot[0].clock_conv_inst/int
   erconnect_aresetn_resync<2>_inv1_INV_0" (type=INV).

WARNING:ConstraintSystem:58 - Constraint <TIMEGRP axi4lite_0_reset_source = FFS
   PADS CPUS;>: CPUS "*" does not match any design objects.

WARNING:ConstraintSystem:58 - Constraint <TIMEGRP axi4_0_reset_source = FFS PADS
   CPUS;>: CPUS "*" does not match any design objects.

WARNING:ConstraintSystem:194 - The TNM 'axi4_0_reset_resync', does not directly
   or indirectly drive any flip-flops, latches and/or RAMs and is not actively
   used by any referencing constraint.

WARNING:ConstraintSystem:194 - The TNM 'axi4lite_0_reset_resync', does not
   directly or indirectly drive any flip-flops, latches and/or RAMs and is not
   actively used by any referencing constraint.

INFO:ConstraintSystem:178 - TNM 'sys_clk_pin', used in period specification
   'TS_sys_clk_pin', was traced into PLL_ADV instance
   clock_generator_0/PLL0_INST/Using_PLL_ADV.PLL_ADV_inst. The following new TNM
   groups and period specifications were generated at the PLL_ADV output(s): 
   CLKOUT1: <TIMESPEC TS_clk_400_0000MHz180PLL0_nobuf = PERIOD
   "clk_400_0000MHz180PLL0_nobuf" TS_sys_clk_pin * 4 PHASE 1.25 ns HIGH 50%>

INFO:ConstraintSystem:178 - TNM 'sys_clk_pin', used in period specification
   'TS_sys_clk_pin', was traced into PLL_ADV instance
   clock_generator_0/PLL0_INST/Using_PLL_ADV.PLL_ADV_inst. The following new TNM
   groups and period specifications were generated at the PLL_ADV output(s): 
   CLKOUT0: <TIMESPEC TS_clk_400_0000MHzPLL0_nobuf = PERIOD
   "clk_400_0000MHzPLL0_nobuf" TS_sys_clk_pin * 4 HIGH 50%>

INFO:ConstraintSystem:178 - TNM 'sys_clk_pin', used in period specification
   'TS_sys_clk_pin', was traced into PLL_ADV instance
   clock_generator_0/PLL0_INST/Using_PLL_ADV.PLL_ADV_inst. The following new TNM
   groups and period specifications were generated at the PLL_ADV output(s): 
   CLKOUT2: <TIMESPEC TS_clock_generator_0_clock_generator_0_SIG_PLL0_CLKOUT2 =
   PERIOD "clock_generator_0_clock_generator_0_SIG_PLL0_CLKOUT2" TS_sys_clk_pin
   HIGH 50%>

Done...

Processing BMM file "uart2led.bmm" ...

Checking expanded design ...
WARNING:NgdBuild:443 - SFF primitive
   'microblaze_0/microblaze_0/MicroBlaze_Core_I/Performance.Decode_I/Using_FPGA.
   Gen_Bits[27].MEM_EX_Result_Inst' has unconnected output pin
WARNING:NgdBuild:452 - logical net 'N21' has no driver
WARNING:NgdBuild:452 - logical net 'N22' has no driver
WARNING:NgdBuild:452 - logical net 'N23' has no driver
WARNING:NgdBuild:452 - logical net 'N24' has no driver
WARNING:NgdBuild:452 - logical net 'N25' has no driver
WARNING:NgdBuild:452 - logical net 'N26' has no driver
WARNING:NgdBuild:452 - logical net 'N27' has no driver
WARNING:NgdBuild:452 - logical net 'N28' has no driver
WARNING:NgdBuild:452 - logical net 'N29' has no driver
WARNING:NgdBuild:452 - logical net 'N30' has no driver
WARNING:NgdBuild:452 - logical net 'N31' has no driver
WARNING:NgdBuild:452 - logical net 'N32' has no driver
WARNING:NgdBuild:452 - logical net 'N33' has no driver
WARNING:NgdBuild:452 - logical net 'N34' has no driver
WARNING:NgdBuild:452 - logical net 'N35' has no driver
WARNING:NgdBuild:452 - logical net 'N36' has no driver
WARNING:NgdBuild:452 - logical net 'N37' has no driver
WARNING:NgdBuild:452 - logical net 'N38' has no driver
WARNING:NgdBuild:452 - logical net 'N39' has no driver

Partition Implementation Status
-------------------------------

  No Partitions were found in this design.

-------------------------------

NGDBUILD Design Results Summary:
  Number of errors:     0
  Number of warnings:  26

Writing NGD file "uart2led.ngd" ...
Total REAL time to NGDBUILD completion:  37 sec
Total CPU time to NGDBUILD completion:   37 sec

Writing NGDBUILD log file "uart2led.bld"...

NGDBUILD done.



#----------------------------------------------#
# Starting program map
# map -o uart2led_map.ncd -w -pr b -ol high -timing -detail uart2led.ngd
uart2led.pcf 
#----------------------------------------------#
Release 14.7 - Map P.20131013 (nt64)
Copyright (c) 1995-2013 Xilinx, Inc.  All rights reserved.
PMSPEC -- Overriding Xilinx file
<C:/Xilinx/14.7/ISE_DS/EDK/data/Xdh_PrimTypeLib.xda> with local file
<C:/Xilinx/14.7/ISE_DS/ISE/data/Xdh_PrimTypeLib.xda>
Using target part "6slx9csg324-2".
Mapping design into LUTs...
Writing file uart2led_map.ngm...
Running directed packing...
Running delay-based LUT packing...
Updating timing models...
WARNING:Timing:3223 - Timing constraint PATH "TS_TIG_LPDDR_CALIB_DONE_SYNCH_path" TIG ignored during timing analysis.
INFO:Map:215 - The Interim Design Summary has been generated in the MAP Report
   (.mrp).
Running timing-driven placement...
Total REAL time at the beginning of Placer: 10 secs 
Total CPU  time at the beginning of Placer: 9 secs 

Phase 1.1  Initial Placement Analysis
Phase 1.1  Initial Placement Analysis (Checksum:6bb3bb53) REAL time: 12 secs 

Phase 2.7  Design Feasibility Check
Phase 2.7  Design Feasibility Check (Checksum:6bb3bb53) REAL time: 12 secs 

Phase 3.31  Local Placement Optimization
Phase 3.31  Local Placement Optimization (Checksum:3ac83e73) REAL time: 12 secs 

Phase 4.2  Initial Placement for Architecture Specific Features

Phase 4.2  Initial Placement for Architecture Specific Features
(Checksum:76f2d5b4) REAL time: 17 secs 

Phase 5.36  Local Placement Optimization
Phase 5.36  Local Placement Optimization (Checksum:76f2d5b4) REAL time: 17 secs 

Phase 6.30  Global Clock Region Assignment
Phase 6.30  Global Clock Region Assignment (Checksum:76f2d5b4) REAL time: 17 secs 

Phase 7.3  Local Placement Optimization
Phase 7.3  Local Placement Optimization (Checksum:76f2d5b4) REAL time: 17 secs 

Phase 8.5  Local Placement Optimization
Phase 8.5  Local Placement Optimization (Checksum:76f2d5b4) REAL time: 17 secs 

Phase 9.8  Global Placement
................
................................................................................
...............................................................................................................................................
...................................................................................................................................................................
...............................................
Phase 9.8  Global Placement (Checksum:317b59f5) REAL time: 49 secs 

Phase 10.5  Local Placement Optimization
Phase 10.5  Local Placement Optimization (Checksum:317b59f5) REAL time: 49 secs 

Phase 11.18  Placement Optimization
Phase 11.18  Placement Optimization (Checksum:6ecdb9dd) REAL time: 55 secs 

Phase 12.5  Local Placement Optimization
Phase 12.5  Local Placement Optimization (Checksum:6ecdb9dd) REAL time: 55 secs 

Phase 13.34  Placement Validation
Phase 13.34  Placement Validation (Checksum:38b82e3f) REAL time: 55 secs 

Total REAL time to Placer completion: 55 secs 
Total CPU  time to Placer completion: 54 secs 
Running post-placement packing...
Writing output files...

Design Summary:
Number of errors:      0
Number of warnings:   24
Slice Logic Utilization:
  Number of Slice Registers:                 2,533 out of  11,440   22%
    Number used as Flip Flops:               2,525
    Number used as Latches:                      0
    Number used as Latch-thrus:                  0
    Number used as AND/OR logics:                8
  Number of Slice LUTs:                      3,075 out of   5,720   53%
    Number used as logic:                    2,760 out of   5,720   48%
      Number using O6 output only:           2,084
      Number using O5 output only:              57
      Number using O5 and O6:                  619
      Number used as ROM:                        0
    Number used as Memory:                     214 out of   1,440   14%
      Number used as Dual Port RAM:             88
        Number using O6 output only:             4
        Number using O5 output only:             0
        Number using O5 and O6:                 84
      Number used as Single Port RAM:            0
      Number used as Shift Register:           126
        Number using O6 output only:            36
        Number using O5 output only:             1
        Number using O5 and O6:                 89
    Number used exclusively as route-thrus:    101
      Number with same-slice register load:     92
      Number with same-slice carry load:         4
      Number with other load:                    5

Slice Logic Distribution:
  Number of occupied Slices:                 1,192 out of   1,430   83%
  Number of MUXCYs used:                       328 out of   2,860   11%
  Number of LUT Flip Flop pairs used:        3,577
    Number with an unused Flip Flop:         1,289 out of   3,577   36%
    Number with an unused LUT:                 502 out of   3,577   14%
    Number of fully used LUT-FF pairs:       1,786 out of   3,577   49%
    Number of unique control sets:             212
    Number of slice register sites lost
      to control set restrictions:             848 out of  11,440    7%

  A LUT Flip Flop pair for this architecture represents one LUT paired with
  one Flip Flop within a slice.  A control set is a unique combination of
  clock, reset, set, and enable signals for a registered element.
  The Slice Logic Distribution report is not meaningful if the design is
  over-mapped for a non-slice resource or if Placement fails.

IO Utilization:
  Number of bonded IOBs:                        54 out of     200   27%
    Number of LOCed IOBs:                       54 out of      54  100%
    IOB Flip Flops:                              2

Specific Feature Utilization:
  Number of RAMB16BWERs:                        30 out of      32   93%
  Number of RAMB8BWERs:                          0 out of      64    0%
  Number of BUFIO2/BUFIO2_2CLKs:                 1 out of      32    3%
    Number used as BUFIO2s:                      1
    Number used as BUFIO2_2CLKs:                 0
  Number of BUFIO2FB/BUFIO2FB_2CLKs:             0 out of      32    0%
  Number of BUFG/BUFGMUXs:                       2 out of      16   12%
    Number used as BUFGs:                        2
    Number used as BUFGMUX:                      0
  Number of DCM/DCM_CLKGENs:                     0 out of       4    0%
  Number of ILOGIC2/ISERDES2s:                   1 out of     200    1%
    Number used as ILOGIC2s:                     1
    Number used as ISERDES2s:                    0
  Number of IODELAY2/IODRP2/IODRP2_MCBs:        23 out of     200   11%
    Number used as IODELAY2s:                    0
    Number used as IODRP2s:                      1
    Number used as IODRP2_MCBs:                 22
  Number of OLOGIC2/OSERDES2s:                  44 out of     200   22%
    Number used as OLOGIC2s:                     1
    Number used as OSERDES2s:                   43
  Number of BSCANs:                              1 out of       4   25%
  Number of BUFHs:                               0 out of     128    0%
  Number of BUFPLLs:                             0 out of       8    0%
  Number of BUFPLL_MCBs:                         1 out of       4   25%
  Number of DSP48A1s:                            3 out of      16   18%
  Number of ICAPs:                               0 out of       1    0%
  Number of MCBs:                                1 out of       2   50%
  Number of PCILOGICSEs:                         0 out of       2    0%
  Number of PLL_ADVs:                            1 out of       2   50%
  Number of PMVs:                                0 out of       1    0%
  Number of STARTUPs:                            0 out of       1    0%
  Number of SUSPEND_SYNCs:                       0 out of       1    0%

Average Fanout of Non-Clock Nets:                3.87

Peak Memory Usage:  4711 MB
Total REAL time to MAP completion:  58 secs 
Total CPU time to MAP completion:   57 secs 

Mapping completed.
See MAP report file "uart2led_map.mrp" for details.



#----------------------------------------------#
# Starting program par
# par -w -ol high uart2led_map.ncd uart2led.ncd uart2led.pcf 
#----------------------------------------------#
Release 14.7 - par P.20131013 (nt64)
Copyright (c) 1995-2013 Xilinx, Inc.  All rights reserved.
PMSPEC -- Overriding Xilinx file <C:/Xilinx/14.7/ISE_DS/EDK/data/parBmgr.acd> with local file
<C:/Xilinx/14.7/ISE_DS/ISE/data/parBmgr.acd>



Constraints file: uart2led.pcf.
Loading device for application Rf_Device from file '6slx9.nph' in environment
C:\Xilinx\14.7\ISE_DS\ISE\;C:\Xilinx\14.7\ISE_DS\EDK.
   "uart2led" is an NCD, version 3.2, device xc6slx9, package csg324, speed -2

Initializing temperature to 85.000 Celsius. (default - Range: 0.000 to 85.000 Celsius)
Initializing voltage to 1.140 Volts. (default - Range: 1.140 to 1.260 Volts)


Device speed data version:  "PRODUCTION 1.23 2013-10-13".



Device Utilization Summary:

Slice Logic Utilization:
  Number of Slice Registers:                 2,533 out of  11,440   22%
    Number used as Flip Flops:               2,525
    Number used as Latches:                      0
    Number used as Latch-thrus:                  0
    Number used as AND/OR logics:                8
  Number of Slice LUTs:                      3,075 out of   5,720   53%
    Number used as logic:                    2,760 out of   5,720   48%
      Number using O6 output only:           2,084
      Number using O5 output only:              57
      Number using O5 and O6:                  619
      Number used as ROM:                        0
    Number used as Memory:                     214 out of   1,440   14%
      Number used as Dual Port RAM:             88
        Number using O6 output only:             4
        Number using O5 output only:             0
        Number using O5 and O6:                 84
      Number used as Single Port RAM:            0
      Number used as Shift Register:           126
        Number using O6 output only:            36
        Number using O5 output only:             1
        Number using O5 and O6:                 89
    Number used exclusively as route-thrus:    101
      Number with same-slice register load:     92
      Number with same-slice carry load:         4
      Number with other load:                    5

Slice Logic Distribution:
  Number of occupied Slices:                 1,192 out of   1,430   83%
  Number of MUXCYs used:                       328 out of   2,860   11%
  Number of LUT Flip Flop pairs used:        3,577
    Number with an unused Flip Flop:         1,289 out of   3,577   36%
    Number with an unused LUT:                 502 out of   3,577   14%
    Number of fully used LUT-FF pairs:       1,786 out of   3,577   49%
    Number of slice register sites lost
      to control set restrictions:               0 out of  11,440    0%

  A LUT Flip Flop pair for this architecture represents one LUT paired with
  one Flip Flop within a slice.  A control set is a unique combination of
  clock, reset, set, and enable signals for a registered element.
  The Slice Logic Distribution report is not meaningful if the design is
  over-mapped for a non-slice resource or if Placement fails.

IO Utilization:
  Number of bonded IOBs:                        54 out of     200   27%
    Number of LOCed IOBs:                       54 out of      54  100%
    IOB Flip Flops:                              2

Specific Feature Utilization:
  Number of RAMB16BWERs:                        30 out of      32   93%
  Number of RAMB8BWERs:                          0 out of      64    0%
  Number of BUFIO2/BUFIO2_2CLKs:                 1 out of      32    3%
    Number used as BUFIO2s:                      1
    Number used as BUFIO2_2CLKs:                 0
  Number of BUFIO2FB/BUFIO2FB_2CLKs:             0 out of      32    0%
  Number of BUFG/BUFGMUXs:                       2 out of      16   12%
    Number used as BUFGs:                        2
    Number used as BUFGMUX:                      0
  Number of DCM/DCM_CLKGENs:                     0 out of       4    0%
  Number of ILOGIC2/ISERDES2s:                   1 out of     200    1%
    Number used as ILOGIC2s:                     1
    Number used as ISERDES2s:                    0
  Number of IODELAY2/IODRP2/IODRP2_MCBs:        23 out of     200   11%
    Number used as IODELAY2s:                    0
    Number used as IODRP2s:                      1
    Number used as IODRP2_MCBs:                 22
  Number of OLOGIC2/OSERDES2s:                  44 out of     200   22%
    Number used as OLOGIC2s:                     1
    Number used as OSERDES2s:                   43
  Number of BSCANs:                              1 out of       4   25%
  Number of BUFHs:                               0 out of     128    0%
  Number of BUFPLLs:                             0 out of       8    0%
  Number of BUFPLL_MCBs:                         1 out of       4   25%
  Number of DSP48A1s:                            3 out of      16   18%
  Number of ICAPs:                               0 out of       1    0%
  Number of MCBs:                                1 out of       2   50%
  Number of PCILOGICSEs:                         0 out of       2    0%
  Number of PLL_ADVs:                            1 out of       2   50%
  Number of PMVs:                                0 out of       1    0%
  Number of STARTUPs:                            0 out of       1    0%
  Number of SUSPEND_SYNCs:                       0 out of       1    0%


Overall effort level (-ol):   High 
Router effort level (-rl):    High 

WARNING:Timing:3223 - Timing constraint PATH "TS_TIG_LPDDR_CALIB_DONE_SYNCH_path" TIG; ignored during timing analysis.
INFO:Timing:3386 - Intersecting Constraints found and resolved.  For more information, see the TSI report.  Please consult the Xilinx
   Command Line Tools User Guide for information on generating a TSI report.
Starting initial Timing Analysis.  REAL time: 5 secs 
Finished initial Timing Analysis.  REAL time: 5 secs 

WARNING:Par:288 - The signal
   microblaze_0/microblaze_0/MicroBlaze_Core_I/Performance.Using_DCache.Using_WriteThrough.DCache_I1/Mram_cacheline_copy5_RAMD_D1_O has no
   load.  PAR will not attempt to route this signal.
WARNING:Par:288 - The signal
   microblaze_0/microblaze_0/MicroBlaze_Core_I/Performance.Data_Flow_I/Register_File_I/Using_LUT6.All_RAM32M[7].ram32m_i_RAMD_D1_O has no
   load.  PAR will not attempt to route this signal.
WARNING:Par:288 - The signal
   microblaze_0/microblaze_0/MicroBlaze_Core_I/Performance.Data_Flow_I/Register_File_I/Using_LUT6.All_RAM32M[5].ram32m_i_RAMD_D1_O has no
   load.  PAR will not attempt to route this signal.
WARNING:Par:288 - The signal
   microblaze_0/microblaze_0/MicroBlaze_Core_I/Performance.Using_DCache.Using_WriteThrough.DCache_I1/Mram_cacheline_copy4_RAMD_D1_O has no
   load.  PAR will not attempt to route this signal.
WARNING:Par:288 - The signal
   microblaze_0/microblaze_0/MicroBlaze_Core_I/Performance.Using_DCache.Using_WriteThrough.DCache_I1/Mram_cacheline_copy3_RAMD_D1_O has no
   load.  PAR will not attempt to route this signal.
WARNING:Par:288 - The signal
   microblaze_0/microblaze_0/MicroBlaze_Core_I/Performance.Data_Flow_I/Register_File_I/Using_LUT6.All_RAM32M[12].ram32m_i_RAMD_D1_O has no
   load.  PAR will not attempt to route this signal.
WARNING:Par:288 - The signal
   microblaze_0/microblaze_0/MicroBlaze_Core_I/Performance.Data_Flow_I/Register_File_I/Using_LUT6.All_RAM32M[14].ram32m_i_RAMD_D1_O has no
   load.  PAR will not attempt to route this signal.
WARNING:Par:288 - The signal
   microblaze_0/microblaze_0/MicroBlaze_Core_I/Performance.Data_Flow_I/Register_File_I/Using_LUT6.All_RAM32M[15].ram32m_i_RAMD_D1_O has no
   load.  PAR will not attempt to route this signal.
WARNING:Par:288 - The signal
   microblaze_0/microblaze_0/MicroBlaze_Core_I/Performance.Data_Flow_I/Register_File_I/Using_LUT6.All_RAM32M[9].ram32m_i_RAMD_D1_O has no
   load.  PAR will not attempt to route this signal.
WARNING:Par:288 - The signal microblaze_0_d_bram_ctrl_2_microblaze_0_bram_block_BRAM_Addr<30> has no load.  PAR will not attempt to route
   this signal.
WARNING:Par:288 - The signal
   microblaze_0/microblaze_0/MicroBlaze_Core_I/Performance.Data_Flow_I/Register_File_I/Using_LUT6.All_RAM32M[13].ram32m_i_RAMD_D1_O has no
   load.  PAR will not attempt to route this signal.
WARNING:Par:288 - The signal
   microblaze_0/microblaze_0/MicroBlaze_Core_I/Performance.Data_Flow_I/Register_File_I/Using_LUT6.All_RAM32M[6].ram32m_i_RAMD_D1_O has no
   load.  PAR will not attempt to route this signal.
WARNING:Par:288 - The signal
   microblaze_0/microblaze_0/MicroBlaze_Core_I/Performance.Data_Flow_I/Register_File_I/Using_LUT6.All_RAM32M[1].ram32m_i_RAMD_D1_O has no
   load.  PAR will not attempt to route this signal.
WARNING:Par:288 - The signal
   microblaze_0/microblaze_0/MicroBlaze_Core_I/Performance.Using_DCache.Using_WriteThrough.DCache_I1/Mram_cacheline_copy1_RAMD_D1_O has no
   load.  PAR will not attempt to route this signal.
WARNING:Par:288 - The signal
   microblaze_0/microblaze_0/MicroBlaze_Core_I/Performance.Using_DCache.Using_WriteThrough.DCache_I1/Mram_cacheline_copy2_RAMD_D1_O has no
   load.  PAR will not attempt to route this signal.
WARNING:Par:288 - The signal microblaze_0_d_bram_ctrl_2_microblaze_0_bram_block_BRAM_Addr<31> has no load.  PAR will not attempt to route
   this signal.
WARNING:Par:288 - The signal
   microblaze_0/microblaze_0/MicroBlaze_Core_I/Performance.Data_Flow_I/Register_File_I/Using_LUT6.All_RAM32M[11].ram32m_i_RAMD_D1_O has no
   load.  PAR will not attempt to route this signal.
WARNING:Par:288 - The signal
   microblaze_0/microblaze_0/MicroBlaze_Core_I/Performance.Data_Flow_I/Register_File_I/Using_LUT6.All_RAM32M[8].ram32m_i_RAMD_D1_O has no
   load.  PAR will not attempt to route this signal.
WARNING:Par:288 - The signal
   microblaze_0/microblaze_0/MicroBlaze_Core_I/Performance.Data_Flow_I/Register_File_I/Using_LUT6.All_RAM32M[4].ram32m_i_RAMD_D1_O has no
   load.  PAR will not attempt to route this signal.
WARNING:Par:288 - The signal
   microblaze_0/microblaze_0/MicroBlaze_Core_I/Performance.Data_Flow_I/Register_File_I/Using_LUT6.All_RAM32M[0].ram32m_i_RAMD_D1_O has no
   load.  PAR will not attempt to route this signal.
WARNING:Par:288 - The signal
   microblaze_0/microblaze_0/MicroBlaze_Core_I/Performance.Data_Flow_I/Register_File_I/Using_LUT6.All_RAM32M[10].ram32m_i_RAMD_D1_O has no
   load.  PAR will not attempt to route this signal.
WARNING:Par:288 - The signal
   microblaze_0/microblaze_0/MicroBlaze_Core_I/Performance.Data_Flow_I/Register_File_I/Using_LUT6.All_RAM32M[2].ram32m_i_RAMD_D1_O has no
   load.  PAR will not attempt to route this signal.
WARNING:Par:288 - The signal
   microblaze_0/microblaze_0/MicroBlaze_Core_I/Performance.Data_Flow_I/Register_File_I/Using_LUT6.All_RAM32M[3].ram32m_i_RAMD_D1_O has no
   load.  PAR will not attempt to route this signal.
Starting Router


Phase  1  : 23404 unrouted;      REAL time: 7 secs 

Phase  2  : 18605 unrouted;      REAL time: 8 secs 

Phase  3  : 8611 unrouted;      REAL time: 13 secs 

Phase  4  : 8656 unrouted; (Setup:0, Hold:444, Component Switching Limit:0)     REAL time: 14 secs 

Updating file: uart2led.ncd with current fully routed design.

Phase  5  : 0 unrouted; (Setup:0, Hold:1, Component Switching Limit:0)     REAL time: 28 secs 

Phase  6  : 0 unrouted; (Setup:0, Hold:1, Component Switching Limit:0)     REAL time: 28 secs 

Phase  7  : 0 unrouted; (Setup:0, Hold:1, Component Switching Limit:0)     REAL time: 28 secs 

Phase  8  : 0 unrouted; (Setup:0, Hold:1, Component Switching Limit:0)     REAL time: 28 secs 

Phase  9  : 0 unrouted; (Setup:0, Hold:0, Component Switching Limit:0)     REAL time: 28 secs 

Phase 10  : 0 unrouted; (Setup:0, Hold:0, Component Switching Limit:0)     REAL time: 30 secs 
Total REAL time to Router completion: 30 secs 
Total CPU time to Router completion: 28 secs 

Partition Implementation Status
-------------------------------

  No Partitions were found in this design.

-------------------------------

Generating "PAR" statistics.

**************************
Generating Clock Report
**************************

+---------------------+--------------+------+------+------------+-------------+
|        Clock Net    |   Resource   |Locked|Fanout|Net Skew(ns)|Max Delay(ns)|
+---------------------+--------------+------+------+------------+-------------+
| clk_100_0000MHzPLL0 |  BUFGMUX_X2Y3| No   | 1089 |  0.744     |  2.135      |
+---------------------+--------------+------+------+------------+-------------+
|microblaze_0_debug_D |              |      |      |            |             |
|              bg_Clk | BUFGMUX_X3Y13| No   |   63 |  0.107     |  1.498      |
+---------------------+--------------+------+------+------------+-------------+
|microblaze_0_debug_D |              |      |      |            |             |
|           bg_Update |         Local|      |   21 |  4.540     |  5.872      |
+---------------------+--------------+------+------+------------+-------------+
|LPDDR/sysclk_2x_bufp |              |      |      |            |             |
|                ll_o |         Local|      |   31 |  0.704     |  1.620      |
+---------------------+--------------+------+------+------------+-------------+
|LPDDR/sysclk_2x_180_ |              |      |      |            |             |
|            bufpll_o |         Local|      |   37 |  0.723     |  1.639      |
+---------------------+--------------+------+------+------------+-------------+
|LPDDR/LPDDR/mcb_ui_t |              |      |      |            |             |
|op_0/mcb_raw_wrapper |              |      |      |            |             |
|   _inst/ioi_drp_clk |         Local|      |   22 |  0.000     |  0.002      |
+---------------------+--------------+------+------+------------+-------------+
|LPDDR/LPDDR/mcb_ui_t |              |      |      |            |             |
|op_0/mcb_raw_wrapper |              |      |      |            |             |
|_inst/idelay_dqs_ioi |              |      |      |            |             |
|                  _s |         Local|      |    1 |  0.000     |  0.002      |
+---------------------+--------------+------+------+------------+-------------+
|LPDDR/LPDDR/mcb_ui_t |              |      |      |            |             |
|op_0/mcb_raw_wrapper |              |      |      |            |             |
|_inst/idelay_dqs_ioi |              |      |      |            |             |
|                  _m |         Local|      |    1 |  0.000     |  0.002      |
+---------------------+--------------+------+------+------------+-------------+
|LPDDR/LPDDR/mcb_ui_t |              |      |      |            |             |
|op_0/mcb_raw_wrapper |              |      |      |            |             |
|_inst/idelay_udqs_io |              |      |      |            |             |
|                 i_s |         Local|      |    1 |  0.000     |  0.002      |
+---------------------+--------------+------+------+------------+-------------+
|LPDDR/LPDDR/mcb_ui_t |              |      |      |            |             |
|op_0/mcb_raw_wrapper |              |      |      |            |             |
|_inst/idelay_udqs_io |              |      |      |            |             |
|                 i_m |         Local|      |    1 |  0.000     |  0.002      |
+---------------------+--------------+------+------+------------+-------------+
|      UART_Interrupt |         Local|      |    1 |  0.000     |  0.588      |
+---------------------+--------------+------+------+------------+-------------+

* Net Skew is the difference between the minimum and maximum routing
only delays for the net. Note this is different from Clock Skew which
is reported in TRCE timing report. Clock Skew is the difference between
the minimum and maximum path delays which includes logic delays.

* The fanout is the number of component pins not the individual BEL loads,
for example SLICE loads not FF loads.

Timing Score: 0 (Setup: 0, Hold: 0, Component Switching Limit: 0)

Number of Timing Constraints that were not applied: 4

Asterisk (*) preceding a constraint indicates it was not met.
   This may be due to a setup or hold violation.

----------------------------------------------------------------------------------------------------------
  Constraint                                |    Check    | Worst Case |  Best Case | Timing |   Timing   
                                            |             |    Slack   | Achievable | Errors |    Score   
----------------------------------------------------------------------------------------------------------
  TS_clock_generator_0_clock_generator_0_SI | SETUP       |     0.587ns|     9.413ns|       0|           0
  G_PLL0_CLKOUT2 = PERIOD TIMEGRP         " | HOLD        |     0.298ns|            |       0|           0
  clock_generator_0_clock_generator_0_SIG_P |             |            |            |        |            
  LL0_CLKOUT2" TS_sys_clk_pin         HIGH  |             |            |            |        |            
  50%                                       |             |            |            |        |            
----------------------------------------------------------------------------------------------------------
  TS_clk_400_0000MHz180PLL0_nobuf = PERIOD  | MINPERIOD   |     0.901ns|     1.599ns|       0|           0
  TIMEGRP         "clk_400_0000MHz180PLL0_n |             |            |            |        |            
  obuf" TS_sys_clk_pin * 4 PHASE 1.25 ns HI |             |            |            |        |            
  GH         50%                            |             |            |            |        |            
----------------------------------------------------------------------------------------------------------
  TS_clk_400_0000MHzPLL0_nobuf = PERIOD TIM | MINPERIOD   |     0.901ns|     1.599ns|       0|           0
  EGRP "clk_400_0000MHzPLL0_nobuf"          |             |            |            |        |            
  TS_sys_clk_pin * 4 HIGH 50%               |             |            |            |        |            
----------------------------------------------------------------------------------------------------------
  TS_sys_clk_pin = PERIOD TIMEGRP "sys_clk_ | MINLOWPULSE |     6.666ns|     3.334ns|       0|           0
  pin" 100 MHz HIGH 50%                     |             |            |            |        |            
----------------------------------------------------------------------------------------------------------
  PATH "TS_TIG_microblaze_0_Reset_path" TIG | SETUP       |         N/A|     3.718ns|     N/A|           0
----------------------------------------------------------------------------------------------------------
  PATH "TS_TIG_microblaze_0_Interrupt_path" | SETUP       |         N/A|     1.859ns|     N/A|           0
   TIG                                      |             |            |            |        |            
----------------------------------------------------------------------------------------------------------
  PATH "TS_axi4_0_reset_resync_path" TIG    | MAXDELAY    |         N/A|     6.492ns|     N/A|           0
----------------------------------------------------------------------------------------------------------
  PATH "TS_axi4lite_0_reset_resync_path" TI | MAXDELAY    |         N/A|     6.438ns|     N/A|           0
  G                                         |             |            |            |        |            
----------------------------------------------------------------------------------------------------------
  PATH "TS_TIG_LPDDR_CALIB_DONE_SYNCH_path" | N/A         |         N/A|         N/A|     N/A|         N/A
   TIG                                      |             |            |            |        |            
----------------------------------------------------------------------------------------------------------
  PATH "TS_TIG_LPDDR_SYS_RST_SYNCH_path" TI | SETUP       |         N/A|     2.156ns|     N/A|           0
  G                                         |             |            |            |        |            
----------------------------------------------------------------------------------------------------------
  PATH "TS_TIG_microblaze_0_dlmb_POR_FF_I_p | SETUP       |         N/A|     3.143ns|     N/A|           0
  ath" TIG                                  |             |            |            |        |            
----------------------------------------------------------------------------------------------------------
  PATH "TS_TIG_microblaze_0_ilmb_POR_FF_I_p | SETUP       |         N/A|     1.600ns|     N/A|           0
  ath" TIG                                  |             |            |            |        |            
----------------------------------------------------------------------------------------------------------
  PATH "TS_sync_microblaze_0_intc_path" TIG | SETUP       |         N/A|     9.496ns|     N/A|           0
----------------------------------------------------------------------------------------------------------
  PATH "TS_intr_sync_p1_microblaze_0_intc_p | SETUP       |         N/A|    -0.652ns|     N/A|           0
  ath" TIG                                  |             |            |            |        |            
----------------------------------------------------------------------------------------------------------


Derived Constraint Report
Review Timing Report for more details on the following derived constraints.
To create a Timing Report, run "trce -v 12 -fastpaths -o design_timing_report design.ncd design.pcf"
or "Run Timing Analysis" from Timing Analyzer (timingan).
Derived Constraints for TS_sys_clk_pin
+-------------------------------+-------------+-------------+-------------+-------------+-------------+-------------+-------------+
|                               |   Period    |       Actual Period       |      Timing Errors        |      Paths Analyzed       |
|           Constraint          | Requirement |-------------+-------------|-------------+-------------|-------------+-------------|
|                               |             |   Direct    | Derivative  |   Direct    | Derivative  |   Direct    | Derivative  |
+-------------------------------+-------------+-------------+-------------+-------------+-------------+-------------+-------------+
|TS_sys_clk_pin                 |     10.000ns|      3.334ns|      9.413ns|            0|            0|            0|       492964|
| TS_clock_generator_0_clock_gen|     10.000ns|      9.413ns|          N/A|            0|            0|       492964|            0|
| erator_0_SIG_PLL0_CLKOUT2     |             |             |             |             |             |             |             |
| TS_clk_400_0000MHz180PLL0_nobu|      2.500ns|      1.599ns|          N/A|            0|            0|            0|            0|
| f                             |             |             |             |             |             |             |             |
| TS_clk_400_0000MHzPLL0_nobuf  |      2.500ns|      1.599ns|          N/A|            0|            0|            0|            0|
+-------------------------------+-------------+-------------+-------------+-------------+-------------+-------------+-------------+

All constraints were met.
INFO:Timing:2761 - N/A entries in the Constraints List may indicate that the 
   constraint is not analyzed due to the following: No paths covered by this 
   constraint; Other constraints intersect with this constraint; or This 
   constraint was disabled by a Path Tracing Control. Please run the Timespec 
   Interaction Report (TSI) via command line (trce tsi) or Timing Analyzer GUI.


Generating Pad Report.

All signals are completely routed.

WARNING:Par:283 - There are 23 loadless signals in this design. This design will cause Bitgen to issue DRC warnings.

Total REAL time to PAR completion: 33 secs 
Total CPU time to PAR completion: 30 secs 

Peak Memory Usage:  4617 MB

Placer: Placement generated during map.
Routing: Completed - No errors found.
Timing: Completed - No errors found.

Number of error messages: 0
Number of warning messages: 26
Number of info messages: 1

Writing design to file uart2led.ncd



PAR done!



#----------------------------------------------#
# Starting program post_par_trce
# trce -e 3 -xml uart2led.twx uart2led.ncd uart2led.pcf 
#----------------------------------------------#
Release 14.7 - Trace  (nt64)
Copyright (c) 1995-2013 Xilinx, Inc.  All rights reserved.


PMSPEC -- Overriding Xilinx file
<C:/Xilinx/14.7/ISE_DS/EDK/spartan6/data/spartan6.acd> with local file
<C:/Xilinx/14.7/ISE_DS/ISE/spartan6/data/spartan6.acd>
Loading device for application Rf_Device from file '6slx9.nph' in environment
C:\Xilinx\14.7\ISE_DS\ISE\;C:\Xilinx\14.7\ISE_DS\EDK.
   "uart2led" is an NCD, version 3.2, device xc6slx9, package csg324, speed -2
WARNING:Timing:3223 - Timing constraint PATH
   "TS_TIG_LPDDR_CALIB_DONE_SYNCH_path" TIG; ignored during timing analysis.
INFO:Timing:3386 - Intersecting Constraints found and resolved.  For more
   information, see the TSI report.  Please consult the Xilinx Command Line
   Tools User Guide for information on generating a TSI report.
--------------------------------------------------------------------------------
Release 14.7 Trace  (nt64)
Copyright (c) 1995-2013 Xilinx, Inc.  All rights reserved.

C:\Xilinx\14.7\ISE_DS\ISE\bin\nt64\unwrapped\trce.exe -e 3 -xml uart2led.twx
uart2led.ncd uart2led.pcf


Design file:              uart2led.ncd
Physical constraint file: uart2led.pcf
Device,speed:             xc6slx9,-2 (PRODUCTION 1.23 2013-10-13)
Report level:             error report
--------------------------------------------------------------------------------

INFO:Timing:3412 - To improve timing, see the Timing Closure User Guide (UG612).
INFO:Timing:2752 - To get complete path coverage, use the unconstrained paths option. All paths that are not constrained will be reported in
   the unconstrained paths section(s) of the report.
INFO:Timing:3339 - The clock-to-out numbers in this timing report are based on a 50 Ohm transmission line loading model.  For the details of
   this model, and for more information on accounting for different loading conditions, please see the device datasheet.


Timing summary:
---------------

Timing errors: 0  Score: 0 (Setup/Max: 0, Hold: 0)

Constraints cover 492991 paths, 0 nets, and 18055 connections

Design statistics:
   Minimum period:   9.413ns (Maximum frequency: 106.236MHz)


Analysis completed Wed Sep 02 10:17:58 2020
--------------------------------------------------------------------------------

Generating Report ...

Number of warnings: 1
Number of info messages: 4
Total time: 7 secs 


